Building DAG of jobs...
Provided cores: 1 (use --cores to define parallelism)
Rules claiming more threads will be scaled down.
Job stats:
job             count
------------  -------
analyze_data        1
total               1

Select jobs to execute...

[Fri Dec  8 21:16:53 2023]
rule analyze_data:
    input: data/winequality-red.csv
    output: results/alcohol_distribution.png, results/classification_results.txt, results/summary_statistics.csv
    jobid: 0
    reason: Missing output files: results/classification_results.txt, results/summary_statistics.csv, results/alcohol_distribution.png
    resources: tmpdir=C:\Users\kyle\AppData\Local\Temp

[Fri Dec  8 22:32:45 2023]
Finished job 0.
1 of 1 steps (100%) done
Complete log: .snakemake\log\2023-12-08T211653.440361.snakemake.log
