Building DAG of jobs...
Provided cores: 1 (use --cores to define parallelism)
Rules claiming more threads will be scaled down.
Job stats:
job             count
------------  -------
profile_data        1
total               1

Select jobs to execute...

[Fri Dec  8 21:16:18 2023]
rule profile_data:
    input: data/winequality-red.csv
    output: profiling/report.html
    jobid: 0
    reason: Missing output files: profiling/report.html
    resources: tmpdir=C:\Users\kyle\AppData\Local\Temp

[Fri Dec  8 21:16:25 2023]
Finished job 0.
1 of 1 steps (100%) done
Complete log: .snakemake\log\2023-12-08T211617.924248.snakemake.log
